[debug] [2020-04-25T21:39:44.212Z] ----------------------------------------------------------------------
[debug] [2020-04-25T21:39:44.215Z] Command:       /Users/gabrielsong/.asdf/installs/nodejs/12.16.2/bin/node /Users/gabrielsong/.asdf/installs/nodejs/12.16.2/.npm/bin/firebase deploy --only functions --debug
[debug] [2020-04-25T21:39:44.216Z] CLI Version:   8.1.1
[debug] [2020-04-25T21:39:44.216Z] Platform:      darwin
[debug] [2020-04-25T21:39:44.216Z] Node Version:  v12.16.2
[debug] [2020-04-25T21:39:44.219Z] Time:          Sat Apr 25 2020 14:39:44 GMT-0700 (Pacific Daylight Time)
[debug] [2020-04-25T21:39:44.219Z] ----------------------------------------------------------------------
[debug] [2020-04-25T21:39:44.220Z] 
[debug] [2020-04-25T21:39:44.236Z] > command requires scopes: ["email","openid","https://www.googleapis.com/auth/cloudplatformprojects.readonly","https://www.googleapis.com/auth/firebase","https://www.googleapis.com/auth/cloud-platform"]
[debug] [2020-04-25T21:39:44.239Z] > authorizing via signed-in user
[debug] [2020-04-25T21:39:44.240Z] [iam] checking project copper-eye-264307 for permissions ["cloudfunctions.functions.create","cloudfunctions.functions.delete","cloudfunctions.functions.get","cloudfunctions.functions.list","cloudfunctions.functions.update","cloudfunctions.operations.get","firebase.projects.get"]
[debug] [2020-04-25T21:39:44.248Z] >>> HTTP REQUEST POST https://cloudresourcemanager.googleapis.com/v1/projects/copper-eye-264307:testIamPermissions  
 {"permissions":["cloudfunctions.functions.create","cloudfunctions.functions.delete","cloudfunctions.functions.get","cloudfunctions.functions.list","cloudfunctions.functions.update","cloudfunctions.operations.get","firebase.projects.get"]}
[debug] [2020-04-25T21:39:44.413Z] <<< HTTP RESPONSE 200 {"content-type":"application/json; charset=UTF-8","vary":"X-Origin, Referer, Origin,Accept-Encoding","date":"Sat, 25 Apr 2020 21:39:44 GMT","server":"ESF","cache-control":"private","x-xss-protection":"0","x-frame-options":"SAMEORIGIN","x-content-type-options":"nosniff","server-timing":"gfet4t7; dur=61","alt-svc":"h3-27=\":443\"; ma=2592000,h3-25=\":443\"; ma=2592000,h3-Q050=\":443\"; ma=2592000,h3-Q048=\":443\"; ma=2592000,h3-Q046=\":443\"; ma=2592000,h3-Q043=\":443\"; ma=2592000,quic=\":443\"; ma=2592000; v=\"46,43\"","accept-ranges":"none","transfer-encoding":"chunked"}
[debug] [2020-04-25T21:39:44.416Z] >>> HTTP REQUEST POST https://iam.googleapis.com/v1/projects/copper-eye-264307/serviceAccounts/copper-eye-264307@appspot.gserviceaccount.com:testIamPermissions  
 {"permissions":["iam.serviceAccounts.actAs"]}
[debug] [2020-04-25T21:39:44.738Z] <<< HTTP RESPONSE 200 {"content-type":"application/json; charset=UTF-8","vary":"X-Origin, Referer, Origin,Accept-Encoding","date":"Sat, 25 Apr 2020 21:39:44 GMT","server":"ESF","cache-control":"private","x-xss-protection":"0","x-frame-options":"SAMEORIGIN","x-content-type-options":"nosniff","alt-svc":"quic=\":443\"; ma=2592000; v=\"46,43\",h3-Q050=\":443\"; ma=2592000,h3-Q049=\":443\"; ma=2592000,h3-Q048=\":443\"; ma=2592000,h3-Q046=\":443\"; ma=2592000,h3-Q043=\":443\"; ma=2592000,h3-T050=\":443\"; ma=2592000","accept-ranges":"none","transfer-encoding":"chunked"}
[info] 
[info] === Deploying to 'copper-eye-264307'...
[info] 
[info] i  deploying functions
[info] Running command: npm --prefix "$RESOURCE_DIR" run lint
[info] ✔  functions: Finished running predeploy script.
[debug] [2020-04-25T21:39:48.640Z] > [functions] package.json contents: {
  "name": "functions",
  "description": "Cloud Functions for Firebase",
  "scripts": {
    "lint": "eslint .",
    "serve": "firebase emulators:start --only functions",
    "shell": "firebase functions:shell",
    "start": "npm run shell",
    "deploy": "firebase deploy --only functions",
    "logs": "firebase functions:log"
  },
  "engines": {
    "node": "8"
  },
  "dependencies": {
    "firebase-admin": "^8.10.0",
    "firebase-functions": "^3.6.0"
  },
  "devDependencies": {
    "eslint": "^5.12.0",
    "eslint-plugin-promise": "^4.0.1",
    "firebase-functions-test": "^0.2.0"
  },
  "private": true
}
[info] i  functions: ensuring required API cloudfunctions.googleapis.com is enabled...
[debug] [2020-04-25T21:39:49.666Z] [functions] runtime dependency check dates: warning: 2020-05-05T00:00:00.000Z error: 2020-06-05T00:00:00.000Z
[debug] [2020-04-25T21:39:49.666Z] >>> HTTP REQUEST GET https://serviceusage.googleapis.com/v1/projects/copper-eye-264307/services/cloudfunctions.googleapis.com  
 
[debug] [2020-04-25T21:39:49.667Z] >>> HTTP REQUEST GET https://serviceusage.googleapis.com/v1/projects/copper-eye-264307/services/runtimeconfig.googleapis.com  
 
[debug] [2020-04-25T21:39:50.062Z] <<< HTTP RESPONSE 200 {"content-type":"application/json; charset=UTF-8","vary":"X-Origin, Referer, Origin,Accept-Encoding","date":"Sat, 25 Apr 2020 21:39:50 GMT","server":"ESF","cache-control":"private","x-xss-protection":"0","x-frame-options":"SAMEORIGIN","x-content-type-options":"nosniff","alt-svc":"quic=\":443\"; ma=2592000; v=\"46,43\",h3-Q050=\":443\"; ma=2592000,h3-Q049=\":443\"; ma=2592000,h3-Q048=\":443\"; ma=2592000,h3-Q046=\":443\"; ma=2592000,h3-Q043=\":443\"; ma=2592000,h3-T050=\":443\"; ma=2592000","accept-ranges":"none","transfer-encoding":"chunked"}
[debug] [2020-04-25T21:39:50.088Z] <<< HTTP RESPONSE 200 {"content-type":"application/json; charset=UTF-8","vary":"X-Origin, Referer, Origin,Accept-Encoding","date":"Sat, 25 Apr 2020 21:39:50 GMT","server":"ESF","cache-control":"private","x-xss-protection":"0","x-frame-options":"SAMEORIGIN","x-content-type-options":"nosniff","alt-svc":"quic=\":443\"; ma=2592000; v=\"46,43\",h3-Q050=\":443\"; ma=2592000,h3-Q049=\":443\"; ma=2592000,h3-Q048=\":443\"; ma=2592000,h3-Q046=\":443\"; ma=2592000,h3-Q043=\":443\"; ma=2592000,h3-T050=\":443\"; ma=2592000","accept-ranges":"none","transfer-encoding":"chunked"}
[info] ✔  functions: required API cloudfunctions.googleapis.com is enabled
[debug] [2020-04-25T21:39:50.089Z] >>> HTTP REQUEST GET https://firebase.googleapis.com/v1beta1/projects/copper-eye-264307/adminSdkConfig  
 
[debug] [2020-04-25T21:39:50.236Z] <<< HTTP RESPONSE 200 {"content-type":"application/json; charset=UTF-8","vary":"X-Origin, Referer, Origin,Accept-Encoding","date":"Sat, 25 Apr 2020 21:39:50 GMT","server":"ESF","cache-control":"private","x-xss-protection":"0","x-frame-options":"SAMEORIGIN","x-content-type-options":"nosniff","alt-svc":"quic=\":443\"; ma=2592000; v=\"46,43\",h3-Q050=\":443\"; ma=2592000,h3-Q049=\":443\"; ma=2592000,h3-Q048=\":443\"; ma=2592000,h3-Q046=\":443\"; ma=2592000,h3-Q043=\":443\"; ma=2592000,h3-T050=\":443\"; ma=2592000","accept-ranges":"none","transfer-encoding":"chunked"}
[info] i  functions: preparing functions directory for uploading...
[debug] [2020-04-25T21:39:50.240Z] >>> HTTP REQUEST GET https://runtimeconfig.googleapis.com/v1beta1/projects/copper-eye-264307/configs  
 
[debug] [2020-04-25T21:39:50.432Z] <<< HTTP RESPONSE 200 {"content-type":"application/json; charset=UTF-8","vary":"X-Origin, Referer, Origin,Accept-Encoding","date":"Sat, 25 Apr 2020 21:39:50 GMT","server":"ESF","cache-control":"private","x-xss-protection":"0","x-frame-options":"SAMEORIGIN","x-content-type-options":"nosniff","alt-svc":"quic=\":443\"; ma=2592000; v=\"46,43\",h3-Q050=\":443\"; ma=2592000,h3-Q049=\":443\"; ma=2592000,h3-Q048=\":443\"; ma=2592000,h3-Q046=\":443\"; ma=2592000,h3-Q043=\":443\"; ma=2592000,h3-T050=\":443\"; ma=2592000","accept-ranges":"none","transfer-encoding":"chunked"}
[info] i  functions: packaged functions (40.69 KB) for uploading
[debug] [2020-04-25T21:39:50.603Z] >>> HTTP REQUEST GET https://cloudfunctions.googleapis.com/v1/projects/copper-eye-264307/locations/-/functions  
 
[debug] [2020-04-25T21:39:50.934Z] <<< HTTP RESPONSE 200 {"content-type":"application/json; charset=UTF-8","vary":"X-Origin, Referer, Origin,Accept-Encoding","date":"Sat, 25 Apr 2020 21:39:50 GMT","server":"ESF","cache-control":"private","x-xss-protection":"0","x-frame-options":"SAMEORIGIN","x-content-type-options":"nosniff","alt-svc":"quic=\":443\"; ma=2592000; v=\"46,43\",h3-Q050=\":443\"; ma=2592000,h3-Q049=\":443\"; ma=2592000,h3-Q048=\":443\"; ma=2592000,h3-Q046=\":443\"; ma=2592000,h3-Q043=\":443\"; ma=2592000,h3-T050=\":443\"; ma=2592000","accept-ranges":"none","transfer-encoding":"chunked"}
[debug] [2020-04-25T21:39:50.940Z] [functions] found 1 new HTTP functions, testing setIamPolicy permission...
[debug] [2020-04-25T21:39:50.941Z] >>> HTTP REQUEST POST https://cloudresourcemanager.googleapis.com/v1/projects/copper-eye-264307:testIamPermissions  
 {"permissions":["cloudfunctions.functions.setIamPolicy"]}
[debug] [2020-04-25T21:39:51.018Z] <<< HTTP RESPONSE 200 {"content-type":"application/json; charset=UTF-8","vary":"X-Origin, Referer, Origin,Accept-Encoding","date":"Sat, 25 Apr 2020 21:39:51 GMT","server":"ESF","cache-control":"private","x-xss-protection":"0","x-frame-options":"SAMEORIGIN","x-content-type-options":"nosniff","server-timing":"gfet4t7; dur=47","alt-svc":"h3-27=\":443\"; ma=2592000,h3-25=\":443\"; ma=2592000,h3-Q050=\":443\"; ma=2592000,h3-Q048=\":443\"; ma=2592000,h3-Q046=\":443\"; ma=2592000,h3-Q043=\":443\"; ma=2592000,quic=\":443\"; ma=2592000; v=\"46,43\"","accept-ranges":"none","transfer-encoding":"chunked"}
[debug] [2020-04-25T21:39:51.019Z] [functions] found setIamPolicy permission, proceeding with deploy
[debug] [2020-04-25T21:39:51.020Z] >>> HTTP REQUEST POST https://cloudfunctions.googleapis.com/v1/projects/copper-eye-264307/locations/us-central1/functions:generateUploadUrl  
 
[debug] [2020-04-25T21:39:51.617Z] <<< HTTP RESPONSE 200 {"content-type":"application/json; charset=UTF-8","vary":"X-Origin, Referer, Origin,Accept-Encoding","date":"Sat, 25 Apr 2020 21:39:51 GMT","server":"ESF","cache-control":"private","x-xss-protection":"0","x-frame-options":"SAMEORIGIN","x-content-type-options":"nosniff","alt-svc":"quic=\":443\"; ma=2592000; v=\"46,43\",h3-Q050=\":443\"; ma=2592000,h3-Q049=\":443\"; ma=2592000,h3-Q048=\":443\"; ma=2592000,h3-Q046=\":443\"; ma=2592000,h3-Q043=\":443\"; ma=2592000,h3-T050=\":443\"; ma=2592000","accept-ranges":"none","transfer-encoding":"chunked"}
[debug] [2020-04-25T21:39:51.619Z] >>> HTTP REQUEST PUT https://storage.googleapis.com/gcf-upload-us-central1-60c9cfee-71f9-46cd-a7c3-fcb67b979386/42e53bf6-4fe3-4744-89d5-9f7a97822dff.zip?GoogleAccessId=service-500711511618@gcf-admin-robot.iam.gserviceaccount.com&Expires=1587852591&Signature=SKvIvuxLfbaEy%2FAUel%2FaBq2PdCecpJIkl3NexKs%2B5K2PlzK%2B4UhMbD8bWahVvx5Yzokq2ADJZsNkw2wL5rOq67aqY4VKN6YjWIYBufZHeMGxATSinU6PydYY24t8rrJp7VkrNUyQen2AW7OTvVUJL5dxz9NxAVvCcOM60hqX1tfi7KHEFiKjodMBzfV9qJ%2FFTVvva0dsiok%2BTbrfRBtbAlolREoz1LzHwVY2ZH2h%2F%2B36UrUdPjk5QnRglUZajRhu4%2F3mEXds5%2BCKiX2zC2GLZ7ufMZKnZSsE7CTe2NdRqY442uTWr%2F2txpcDG3X8LyjjbW5qao%2BZ6BJLHoqfn4bznA%3D%3D  
 <request body omitted>
[debug] [2020-04-25T21:39:51.799Z] <<< HTTP RESPONSE 200 {"x-guploader-uploadid":"AAANsUnjwBtkvMYI9V8JHLyuaqA9YjZlHO5hD6_xeP1XcntPrOivviopBbLUzqhQ7yspaFYONN864ot-zY0DRzkvNa4","etag":"\"66cebe0e56927716ed3920ab899e3010\"","x-goog-generation":"1587850791774271","x-goog-metageneration":"1","x-goog-hash":"crc32c=VoH9Ww==, md5=Zs6+DlaSdxbtOSCriZ4wEA==","x-goog-stored-content-length":"41664","x-goog-stored-content-encoding":"identity","vary":"Origin","content-length":"0","date":"Sat, 25 Apr 2020 21:39:51 GMT","server":"UploadServer","content-type":"text/html; charset=UTF-8","alt-svc":"quic=\":443\"; ma=2592000; v=\"46,43\",h3-Q050=\":443\"; ma=2592000,h3-Q049=\":443\"; ma=2592000,h3-Q048=\":443\"; ma=2592000,h3-Q046=\":443\"; ma=2592000,h3-Q043=\":443\"; ma=2592000,h3-T050=\":443\"; ma=2592000"}
[info] ✔  functions: functions folder uploaded successfully
[info] i  functions: creating Node.js 8 function helloWorld(us-central1)...
[debug] [2020-04-25T21:39:51.806Z] Trigger is:  {"httpsTrigger":{}}
[debug] [2020-04-25T21:39:51.808Z] >>> HTTP REQUEST GET https://serviceusage.googleapis.com/v1/projects/copper-eye-264307/services/cloudscheduler.googleapis.com  
 
[debug] [2020-04-25T21:39:52.184Z] <<< HTTP RESPONSE 200 {"content-type":"application/json; charset=UTF-8","vary":"X-Origin, Referer, Origin,Accept-Encoding","date":"Sat, 25 Apr 2020 21:39:52 GMT","server":"ESF","cache-control":"private","x-xss-protection":"0","x-frame-options":"SAMEORIGIN","x-content-type-options":"nosniff","alt-svc":"quic=\":443\"; ma=2592000; v=\"46,43\",h3-Q050=\":443\"; ma=2592000,h3-Q049=\":443\"; ma=2592000,h3-Q048=\":443\"; ma=2592000,h3-Q046=\":443\"; ma=2592000,h3-Q043=\":443\"; ma=2592000,h3-T050=\":443\"; ma=2592000","accept-ranges":"none","transfer-encoding":"chunked"}
[debug] [2020-04-25T21:39:52.186Z] >>> HTTP REQUEST POST https://cloudfunctions.googleapis.com/v1/projects/copper-eye-264307/locations/us-central1/functions  
 {"sourceUploadUrl":"https://storage.googleapis.com/gcf-upload-us-central1-60c9cfee-71f9-46cd-a7c3-fcb67b979386/42e53bf6-4fe3-4744-89d5-9f7a97822dff.zip?GoogleAccessId=service-500711511618@gcf-admin-robot.iam.gserviceaccount.com&Expires=1587852591&Signature=SKvIvuxLfbaEy%2FAUel%2FaBq2PdCecpJIkl3NexKs%2B5K2PlzK%2B4UhMbD8bWahVvx5Yzokq2ADJZsNkw2wL5rOq67aqY4VKN6YjWIYBufZHeMGxATSinU6PydYY24t8rrJp7VkrNUyQen2AW7OTvVUJL5dxz9NxAVvCcOM60hqX1tfi7KHEFiKjodMBzfV9qJ%2FFTVvva0dsiok%2BTbrfRBtbAlolREoz1LzHwVY2ZH2h%2F%2B36UrUdPjk5QnRglUZajRhu4%2F3mEXds5%2BCKiX2zC2GLZ7ufMZKnZSsE7CTe2NdRqY442uTWr%2F2txpcDG3X8LyjjbW5qao%2BZ6BJLHoqfn4bznA%3D%3D","name":"projects/copper-eye-264307/locations/us-central1/functions/helloWorld","entryPoint":"helloWorld","labels":{"deployment-tool":"cli-firebase"},"runtime":"nodejs8","httpsTrigger":{}}
[debug] [2020-04-25T21:39:52.743Z] <<< HTTP RESPONSE 200 {"content-type":"application/json; charset=UTF-8","vary":"X-Origin, Referer, Origin,Accept-Encoding","date":"Sat, 25 Apr 2020 21:39:52 GMT","server":"ESF","cache-control":"private","x-xss-protection":"0","x-frame-options":"SAMEORIGIN","x-content-type-options":"nosniff","alt-svc":"quic=\":443\"; ma=2592000; v=\"46,43\",h3-Q050=\":443\"; ma=2592000,h3-Q049=\":443\"; ma=2592000,h3-Q048=\":443\"; ma=2592000,h3-Q046=\":443\"; ma=2592000,h3-Q043=\":443\"; ma=2592000,h3-T050=\":443\"; ma=2592000","accept-ranges":"none","transfer-encoding":"chunked"}
[debug] [2020-04-25T21:39:52.746Z] Setting public policy for function helloWorld
[debug] [2020-04-25T21:39:52.748Z] >>> HTTP REQUEST POST https://cloudfunctions.googleapis.com/v1/projects/copper-eye-264307/locations/us-central1/functions/helloWorld:setIamPolicy  
 {"policy":{"version":3,"bindings":[{"role":"roles/cloudfunctions.invoker","members":["allUsers"]}]},"updateMask":"version,bindings"}
[debug] [2020-04-25T21:39:53.152Z] <<< HTTP RESPONSE 200 {"content-type":"application/json; charset=UTF-8","vary":"X-Origin, Referer, Origin,Accept-Encoding","date":"Sat, 25 Apr 2020 21:39:53 GMT","server":"ESF","cache-control":"private","x-xss-protection":"0","x-frame-options":"SAMEORIGIN","x-content-type-options":"nosniff","alt-svc":"quic=\":443\"; ma=2592000; v=\"46,43\",h3-Q050=\":443\"; ma=2592000,h3-Q049=\":443\"; ma=2592000,h3-Q048=\":443\"; ma=2592000,h3-Q046=\":443\"; ma=2592000,h3-Q043=\":443\"; ma=2592000,h3-T050=\":443\"; ma=2592000","accept-ranges":"none","transfer-encoding":"chunked"}
[debug] [2020-04-25T21:39:53.155Z] >>> HTTP REQUEST GET https://cloudfunctions.googleapis.com/v1/projects/copper-eye-264307/locations/-/functions  
 
[debug] [2020-04-25T21:39:53.456Z] <<< HTTP RESPONSE 200 {"content-type":"application/json; charset=UTF-8","vary":"X-Origin, Referer, Origin,Accept-Encoding","date":"Sat, 25 Apr 2020 21:39:53 GMT","server":"ESF","cache-control":"private","x-xss-protection":"0","x-frame-options":"SAMEORIGIN","x-content-type-options":"nosniff","alt-svc":"quic=\":443\"; ma=2592000; v=\"46,43\",h3-Q050=\":443\"; ma=2592000,h3-Q049=\":443\"; ma=2592000,h3-Q048=\":443\"; ma=2592000,h3-Q046=\":443\"; ma=2592000,h3-Q043=\":443\"; ma=2592000,h3-T050=\":443\"; ma=2592000","accept-ranges":"none","transfer-encoding":"chunked"}
[debug] [2020-04-25T21:39:53.459Z] >>> HTTP REQUEST GET https://cloudfunctions.googleapis.com/v1/operations/Y29wcGVyLWV5ZS0yNjQzMDcvdXMtY2VudHJhbDEvaGVsbG9Xb3JsZC81OHhobC1DaTI3TQ  
 
[debug] [2020-04-25T21:39:53.675Z] <<< HTTP RESPONSE 200 {"content-type":"application/json; charset=UTF-8","vary":"X-Origin, Referer, Origin,Accept-Encoding","date":"Sat, 25 Apr 2020 21:39:53 GMT","server":"ESF","cache-control":"private","x-xss-protection":"0","x-frame-options":"SAMEORIGIN","x-content-type-options":"nosniff","alt-svc":"quic=\":443\"; ma=2592000; v=\"46,43\",h3-Q050=\":443\"; ma=2592000,h3-Q049=\":443\"; ma=2592000,h3-Q048=\":443\"; ma=2592000,h3-Q046=\":443\"; ma=2592000,h3-Q043=\":443\"; ma=2592000,h3-T050=\":443\"; ma=2592000","accept-ranges":"none","transfer-encoding":"chunked"}
[debug] [2020-04-25T21:39:55.680Z] >>> HTTP REQUEST GET https://cloudfunctions.googleapis.com/v1/operations/Y29wcGVyLWV5ZS0yNjQzMDcvdXMtY2VudHJhbDEvaGVsbG9Xb3JsZC81OHhobC1DaTI3TQ  
 
[debug] [2020-04-25T21:39:55.839Z] <<< HTTP RESPONSE 200 {"content-type":"application/json; charset=UTF-8","vary":"X-Origin, Referer, Origin,Accept-Encoding","date":"Sat, 25 Apr 2020 21:39:55 GMT","server":"ESF","cache-control":"private","x-xss-protection":"0","x-frame-options":"SAMEORIGIN","x-content-type-options":"nosniff","alt-svc":"quic=\":443\"; ma=2592000; v=\"46,43\",h3-Q050=\":443\"; ma=2592000,h3-Q049=\":443\"; ma=2592000,h3-Q048=\":443\"; ma=2592000,h3-Q046=\":443\"; ma=2592000,h3-Q043=\":443\"; ma=2592000,h3-T050=\":443\"; ma=2592000","accept-ranges":"none","transfer-encoding":"chunked"}
[debug] [2020-04-25T21:39:57.843Z] >>> HTTP REQUEST GET https://cloudfunctions.googleapis.com/v1/operations/Y29wcGVyLWV5ZS0yNjQzMDcvdXMtY2VudHJhbDEvaGVsbG9Xb3JsZC81OHhobC1DaTI3TQ  
 
[debug] [2020-04-25T21:39:57.998Z] <<< HTTP RESPONSE 200 {"content-type":"application/json; charset=UTF-8","vary":"X-Origin, Referer, Origin,Accept-Encoding","date":"Sat, 25 Apr 2020 21:39:57 GMT","server":"ESF","cache-control":"private","x-xss-protection":"0","x-frame-options":"SAMEORIGIN","x-content-type-options":"nosniff","alt-svc":"quic=\":443\"; ma=2592000; v=\"46,43\",h3-Q050=\":443\"; ma=2592000,h3-Q049=\":443\"; ma=2592000,h3-Q048=\":443\"; ma=2592000,h3-Q046=\":443\"; ma=2592000,h3-Q043=\":443\"; ma=2592000,h3-T050=\":443\"; ma=2592000","accept-ranges":"none","transfer-encoding":"chunked"}
[debug] [2020-04-25T21:40:00.003Z] >>> HTTP REQUEST GET https://cloudfunctions.googleapis.com/v1/operations/Y29wcGVyLWV5ZS0yNjQzMDcvdXMtY2VudHJhbDEvaGVsbG9Xb3JsZC81OHhobC1DaTI3TQ  
 
[debug] [2020-04-25T21:40:00.208Z] <<< HTTP RESPONSE 200 {"content-type":"application/json; charset=UTF-8","vary":"X-Origin, Referer, Origin,Accept-Encoding","date":"Sat, 25 Apr 2020 21:40:00 GMT","server":"ESF","cache-control":"private","x-xss-protection":"0","x-frame-options":"SAMEORIGIN","x-content-type-options":"nosniff","alt-svc":"quic=\":443\"; ma=2592000; v=\"46,43\",h3-Q050=\":443\"; ma=2592000,h3-Q049=\":443\"; ma=2592000,h3-Q048=\":443\"; ma=2592000,h3-Q046=\":443\"; ma=2592000,h3-Q043=\":443\"; ma=2592000,h3-T050=\":443\"; ma=2592000","accept-ranges":"none","transfer-encoding":"chunked"}
[debug] [2020-04-25T21:40:02.214Z] >>> HTTP REQUEST GET https://cloudfunctions.googleapis.com/v1/operations/Y29wcGVyLWV5ZS0yNjQzMDcvdXMtY2VudHJhbDEvaGVsbG9Xb3JsZC81OHhobC1DaTI3TQ  
 
[debug] [2020-04-25T21:40:02.405Z] <<< HTTP RESPONSE 200 {"content-type":"application/json; charset=UTF-8","vary":"X-Origin, Referer, Origin,Accept-Encoding","date":"Sat, 25 Apr 2020 21:40:02 GMT","server":"ESF","cache-control":"private","x-xss-protection":"0","x-frame-options":"SAMEORIGIN","x-content-type-options":"nosniff","alt-svc":"quic=\":443\"; ma=2592000; v=\"46,43\",h3-Q050=\":443\"; ma=2592000,h3-Q049=\":443\"; ma=2592000,h3-Q048=\":443\"; ma=2592000,h3-Q046=\":443\"; ma=2592000,h3-Q043=\":443\"; ma=2592000,h3-T050=\":443\"; ma=2592000","accept-ranges":"none","transfer-encoding":"chunked"}
[debug] [2020-04-25T21:40:04.409Z] >>> HTTP REQUEST GET https://cloudfunctions.googleapis.com/v1/operations/Y29wcGVyLWV5ZS0yNjQzMDcvdXMtY2VudHJhbDEvaGVsbG9Xb3JsZC81OHhobC1DaTI3TQ  
 
[debug] [2020-04-25T21:40:04.560Z] <<< HTTP RESPONSE 200 {"content-type":"application/json; charset=UTF-8","vary":"X-Origin, Referer, Origin,Accept-Encoding","date":"Sat, 25 Apr 2020 21:40:04 GMT","server":"ESF","cache-control":"private","x-xss-protection":"0","x-frame-options":"SAMEORIGIN","x-content-type-options":"nosniff","alt-svc":"quic=\":443\"; ma=2592000; v=\"46,43\",h3-Q050=\":443\"; ma=2592000,h3-Q049=\":443\"; ma=2592000,h3-Q048=\":443\"; ma=2592000,h3-Q046=\":443\"; ma=2592000,h3-Q043=\":443\"; ma=2592000,h3-T050=\":443\"; ma=2592000","accept-ranges":"none","transfer-encoding":"chunked"}
[debug] [2020-04-25T21:40:06.567Z] >>> HTTP REQUEST GET https://cloudfunctions.googleapis.com/v1/operations/Y29wcGVyLWV5ZS0yNjQzMDcvdXMtY2VudHJhbDEvaGVsbG9Xb3JsZC81OHhobC1DaTI3TQ  
 
[debug] [2020-04-25T21:40:06.712Z] <<< HTTP RESPONSE 200 {"content-type":"application/json; charset=UTF-8","vary":"X-Origin, Referer, Origin,Accept-Encoding","date":"Sat, 25 Apr 2020 21:40:06 GMT","server":"ESF","cache-control":"private","x-xss-protection":"0","x-frame-options":"SAMEORIGIN","x-content-type-options":"nosniff","alt-svc":"quic=\":443\"; ma=2592000; v=\"46,43\",h3-Q050=\":443\"; ma=2592000,h3-Q049=\":443\"; ma=2592000,h3-Q048=\":443\"; ma=2592000,h3-Q046=\":443\"; ma=2592000,h3-Q043=\":443\"; ma=2592000,h3-T050=\":443\"; ma=2592000","accept-ranges":"none","transfer-encoding":"chunked"}
[debug] [2020-04-25T21:40:08.717Z] >>> HTTP REQUEST GET https://cloudfunctions.googleapis.com/v1/operations/Y29wcGVyLWV5ZS0yNjQzMDcvdXMtY2VudHJhbDEvaGVsbG9Xb3JsZC81OHhobC1DaTI3TQ  
 
[debug] [2020-04-25T21:40:08.869Z] <<< HTTP RESPONSE 200 {"content-type":"application/json; charset=UTF-8","vary":"X-Origin, Referer, Origin,Accept-Encoding","date":"Sat, 25 Apr 2020 21:40:08 GMT","server":"ESF","cache-control":"private","x-xss-protection":"0","x-frame-options":"SAMEORIGIN","x-content-type-options":"nosniff","alt-svc":"quic=\":443\"; ma=2592000; v=\"46,43\",h3-Q050=\":443\"; ma=2592000,h3-Q049=\":443\"; ma=2592000,h3-Q048=\":443\"; ma=2592000,h3-Q046=\":443\"; ma=2592000,h3-Q043=\":443\"; ma=2592000,h3-T050=\":443\"; ma=2592000","accept-ranges":"none","transfer-encoding":"chunked"}
[debug] [2020-04-25T21:40:10.878Z] >>> HTTP REQUEST GET https://cloudfunctions.googleapis.com/v1/operations/Y29wcGVyLWV5ZS0yNjQzMDcvdXMtY2VudHJhbDEvaGVsbG9Xb3JsZC81OHhobC1DaTI3TQ  
 
[debug] [2020-04-25T21:40:11.045Z] <<< HTTP RESPONSE 200 {"content-type":"application/json; charset=UTF-8","vary":"X-Origin, Referer, Origin,Accept-Encoding","date":"Sat, 25 Apr 2020 21:40:11 GMT","server":"ESF","cache-control":"private","x-xss-protection":"0","x-frame-options":"SAMEORIGIN","x-content-type-options":"nosniff","alt-svc":"quic=\":443\"; ma=2592000; v=\"46,43\",h3-Q050=\":443\"; ma=2592000,h3-Q049=\":443\"; ma=2592000,h3-Q048=\":443\"; ma=2592000,h3-Q046=\":443\"; ma=2592000,h3-Q043=\":443\"; ma=2592000,h3-T050=\":443\"; ma=2592000","accept-ranges":"none","transfer-encoding":"chunked"}
[debug] [2020-04-25T21:40:13.051Z] >>> HTTP REQUEST GET https://cloudfunctions.googleapis.com/v1/operations/Y29wcGVyLWV5ZS0yNjQzMDcvdXMtY2VudHJhbDEvaGVsbG9Xb3JsZC81OHhobC1DaTI3TQ  
 
[debug] [2020-04-25T21:40:13.210Z] <<< HTTP RESPONSE 200 {"content-type":"application/json; charset=UTF-8","vary":"X-Origin, Referer, Origin,Accept-Encoding","date":"Sat, 25 Apr 2020 21:40:13 GMT","server":"ESF","cache-control":"private","x-xss-protection":"0","x-frame-options":"SAMEORIGIN","x-content-type-options":"nosniff","alt-svc":"quic=\":443\"; ma=2592000; v=\"46,43\",h3-Q050=\":443\"; ma=2592000,h3-Q049=\":443\"; ma=2592000,h3-Q048=\":443\"; ma=2592000,h3-Q046=\":443\"; ma=2592000,h3-Q043=\":443\"; ma=2592000,h3-T050=\":443\"; ma=2592000","accept-ranges":"none","transfer-encoding":"chunked"}
[debug] [2020-04-25T21:40:15.217Z] >>> HTTP REQUEST GET https://cloudfunctions.googleapis.com/v1/operations/Y29wcGVyLWV5ZS0yNjQzMDcvdXMtY2VudHJhbDEvaGVsbG9Xb3JsZC81OHhobC1DaTI3TQ  
 
[debug] [2020-04-25T21:40:15.357Z] <<< HTTP RESPONSE 200 {"content-type":"application/json; charset=UTF-8","vary":"X-Origin, Referer, Origin,Accept-Encoding","date":"Sat, 25 Apr 2020 21:40:15 GMT","server":"ESF","cache-control":"private","x-xss-protection":"0","x-frame-options":"SAMEORIGIN","x-content-type-options":"nosniff","alt-svc":"quic=\":443\"; ma=2592000; v=\"46,43\",h3-Q050=\":443\"; ma=2592000,h3-Q049=\":443\"; ma=2592000,h3-Q048=\":443\"; ma=2592000,h3-Q046=\":443\"; ma=2592000,h3-Q043=\":443\"; ma=2592000,h3-T050=\":443\"; ma=2592000","accept-ranges":"none","transfer-encoding":"chunked"}
[debug] [2020-04-25T21:40:17.363Z] >>> HTTP REQUEST GET https://cloudfunctions.googleapis.com/v1/operations/Y29wcGVyLWV5ZS0yNjQzMDcvdXMtY2VudHJhbDEvaGVsbG9Xb3JsZC81OHhobC1DaTI3TQ  
 
[debug] [2020-04-25T21:40:17.538Z] <<< HTTP RESPONSE 200 {"content-type":"application/json; charset=UTF-8","vary":"X-Origin, Referer, Origin,Accept-Encoding","date":"Sat, 25 Apr 2020 21:40:17 GMT","server":"ESF","cache-control":"private","x-xss-protection":"0","x-frame-options":"SAMEORIGIN","x-content-type-options":"nosniff","alt-svc":"quic=\":443\"; ma=2592000; v=\"46,43\",h3-Q050=\":443\"; ma=2592000,h3-Q049=\":443\"; ma=2592000,h3-Q048=\":443\"; ma=2592000,h3-Q046=\":443\"; ma=2592000,h3-Q043=\":443\"; ma=2592000,h3-T050=\":443\"; ma=2592000","accept-ranges":"none","transfer-encoding":"chunked"}
[debug] [2020-04-25T21:40:19.544Z] >>> HTTP REQUEST GET https://cloudfunctions.googleapis.com/v1/operations/Y29wcGVyLWV5ZS0yNjQzMDcvdXMtY2VudHJhbDEvaGVsbG9Xb3JsZC81OHhobC1DaTI3TQ  
 
[debug] [2020-04-25T21:40:19.700Z] <<< HTTP RESPONSE 200 {"content-type":"application/json; charset=UTF-8","vary":"X-Origin, Referer, Origin,Accept-Encoding","date":"Sat, 25 Apr 2020 21:40:19 GMT","server":"ESF","cache-control":"private","x-xss-protection":"0","x-frame-options":"SAMEORIGIN","x-content-type-options":"nosniff","alt-svc":"quic=\":443\"; ma=2592000; v=\"46,43\",h3-Q050=\":443\"; ma=2592000,h3-Q049=\":443\"; ma=2592000,h3-Q048=\":443\"; ma=2592000,h3-Q046=\":443\"; ma=2592000,h3-Q043=\":443\"; ma=2592000,h3-T050=\":443\"; ma=2592000","accept-ranges":"none","transfer-encoding":"chunked"}
[debug] [2020-04-25T21:40:21.704Z] >>> HTTP REQUEST GET https://cloudfunctions.googleapis.com/v1/operations/Y29wcGVyLWV5ZS0yNjQzMDcvdXMtY2VudHJhbDEvaGVsbG9Xb3JsZC81OHhobC1DaTI3TQ  
 
[debug] [2020-04-25T21:40:21.836Z] <<< HTTP RESPONSE 200 {"content-type":"application/json; charset=UTF-8","vary":"X-Origin, Referer, Origin,Accept-Encoding","date":"Sat, 25 Apr 2020 21:40:21 GMT","server":"ESF","cache-control":"private","x-xss-protection":"0","x-frame-options":"SAMEORIGIN","x-content-type-options":"nosniff","alt-svc":"quic=\":443\"; ma=2592000; v=\"46,43\",h3-Q050=\":443\"; ma=2592000,h3-Q049=\":443\"; ma=2592000,h3-Q048=\":443\"; ma=2592000,h3-Q046=\":443\"; ma=2592000,h3-Q043=\":443\"; ma=2592000,h3-T050=\":443\"; ma=2592000","accept-ranges":"none","transfer-encoding":"chunked"}
[debug] [2020-04-25T21:40:23.843Z] >>> HTTP REQUEST GET https://cloudfunctions.googleapis.com/v1/operations/Y29wcGVyLWV5ZS0yNjQzMDcvdXMtY2VudHJhbDEvaGVsbG9Xb3JsZC81OHhobC1DaTI3TQ  
 
[debug] [2020-04-25T21:40:24.009Z] <<< HTTP RESPONSE 200 {"content-type":"application/json; charset=UTF-8","vary":"X-Origin, Referer, Origin,Accept-Encoding","date":"Sat, 25 Apr 2020 21:40:23 GMT","server":"ESF","cache-control":"private","x-xss-protection":"0","x-frame-options":"SAMEORIGIN","x-content-type-options":"nosniff","alt-svc":"quic=\":443\"; ma=2592000; v=\"46,43\",h3-Q050=\":443\"; ma=2592000,h3-Q049=\":443\"; ma=2592000,h3-Q048=\":443\"; ma=2592000,h3-Q046=\":443\"; ma=2592000,h3-Q043=\":443\"; ma=2592000,h3-T050=\":443\"; ma=2592000","accept-ranges":"none","transfer-encoding":"chunked"}
[debug] [2020-04-25T21:40:26.013Z] >>> HTTP REQUEST GET https://cloudfunctions.googleapis.com/v1/operations/Y29wcGVyLWV5ZS0yNjQzMDcvdXMtY2VudHJhbDEvaGVsbG9Xb3JsZC81OHhobC1DaTI3TQ  
 
[debug] [2020-04-25T21:40:26.183Z] <<< HTTP RESPONSE 200 {"content-type":"application/json; charset=UTF-8","vary":"X-Origin, Referer, Origin,Accept-Encoding","date":"Sat, 25 Apr 2020 21:40:26 GMT","server":"ESF","cache-control":"private","x-xss-protection":"0","x-frame-options":"SAMEORIGIN","x-content-type-options":"nosniff","alt-svc":"quic=\":443\"; ma=2592000; v=\"46,43\",h3-Q050=\":443\"; ma=2592000,h3-Q049=\":443\"; ma=2592000,h3-Q048=\":443\"; ma=2592000,h3-Q046=\":443\"; ma=2592000,h3-Q043=\":443\"; ma=2592000,h3-T050=\":443\"; ma=2592000","accept-ranges":"none","transfer-encoding":"chunked"}
[debug] [2020-04-25T21:40:28.190Z] >>> HTTP REQUEST GET https://cloudfunctions.googleapis.com/v1/operations/Y29wcGVyLWV5ZS0yNjQzMDcvdXMtY2VudHJhbDEvaGVsbG9Xb3JsZC81OHhobC1DaTI3TQ  
 
[debug] [2020-04-25T21:40:28.582Z] <<< HTTP RESPONSE 200 {"content-type":"application/json; charset=UTF-8","vary":"X-Origin, Referer, Origin,Accept-Encoding","date":"Sat, 25 Apr 2020 21:40:28 GMT","server":"ESF","cache-control":"private","x-xss-protection":"0","x-frame-options":"SAMEORIGIN","x-content-type-options":"nosniff","alt-svc":"quic=\":443\"; ma=2592000; v=\"46,43\",h3-Q050=\":443\"; ma=2592000,h3-Q049=\":443\"; ma=2592000,h3-Q048=\":443\"; ma=2592000,h3-Q046=\":443\"; ma=2592000,h3-Q043=\":443\"; ma=2592000,h3-T050=\":443\"; ma=2592000","accept-ranges":"none","transfer-encoding":"chunked"}
[debug] [2020-04-25T21:40:30.590Z] >>> HTTP REQUEST GET https://cloudfunctions.googleapis.com/v1/operations/Y29wcGVyLWV5ZS0yNjQzMDcvdXMtY2VudHJhbDEvaGVsbG9Xb3JsZC81OHhobC1DaTI3TQ  
 
[debug] [2020-04-25T21:40:30.734Z] <<< HTTP RESPONSE 200 {"content-type":"application/json; charset=UTF-8","vary":"X-Origin, Referer, Origin,Accept-Encoding","date":"Sat, 25 Apr 2020 21:40:30 GMT","server":"ESF","cache-control":"private","x-xss-protection":"0","x-frame-options":"SAMEORIGIN","x-content-type-options":"nosniff","alt-svc":"quic=\":443\"; ma=2592000; v=\"46,43\",h3-Q050=\":443\"; ma=2592000,h3-Q049=\":443\"; ma=2592000,h3-Q048=\":443\"; ma=2592000,h3-Q046=\":443\"; ma=2592000,h3-Q043=\":443\"; ma=2592000,h3-T050=\":443\"; ma=2592000","accept-ranges":"none","transfer-encoding":"chunked"}
[debug] [2020-04-25T21:40:32.739Z] >>> HTTP REQUEST GET https://cloudfunctions.googleapis.com/v1/operations/Y29wcGVyLWV5ZS0yNjQzMDcvdXMtY2VudHJhbDEvaGVsbG9Xb3JsZC81OHhobC1DaTI3TQ  
 
[debug] [2020-04-25T21:40:32.893Z] <<< HTTP RESPONSE 200 {"content-type":"application/json; charset=UTF-8","vary":"X-Origin, Referer, Origin,Accept-Encoding","date":"Sat, 25 Apr 2020 21:40:32 GMT","server":"ESF","cache-control":"private","x-xss-protection":"0","x-frame-options":"SAMEORIGIN","x-content-type-options":"nosniff","alt-svc":"quic=\":443\"; ma=2592000; v=\"46,43\",h3-Q050=\":443\"; ma=2592000,h3-Q049=\":443\"; ma=2592000,h3-Q048=\":443\"; ma=2592000,h3-Q046=\":443\"; ma=2592000,h3-Q043=\":443\"; ma=2592000,h3-T050=\":443\"; ma=2592000","accept-ranges":"none","transfer-encoding":"chunked"}
[debug] [2020-04-25T21:40:34.898Z] >>> HTTP REQUEST GET https://cloudfunctions.googleapis.com/v1/operations/Y29wcGVyLWV5ZS0yNjQzMDcvdXMtY2VudHJhbDEvaGVsbG9Xb3JsZC81OHhobC1DaTI3TQ  
 
[debug] [2020-04-25T21:40:35.025Z] <<< HTTP RESPONSE 200 {"content-type":"application/json; charset=UTF-8","vary":"X-Origin, Referer, Origin,Accept-Encoding","date":"Sat, 25 Apr 2020 21:40:34 GMT","server":"ESF","cache-control":"private","x-xss-protection":"0","x-frame-options":"SAMEORIGIN","x-content-type-options":"nosniff","alt-svc":"quic=\":443\"; ma=2592000; v=\"46,43\",h3-Q050=\":443\"; ma=2592000,h3-Q049=\":443\"; ma=2592000,h3-Q048=\":443\"; ma=2592000,h3-Q046=\":443\"; ma=2592000,h3-Q043=\":443\"; ma=2592000,h3-T050=\":443\"; ma=2592000","accept-ranges":"none","transfer-encoding":"chunked"}
[debug] [2020-04-25T21:40:37.032Z] >>> HTTP REQUEST GET https://cloudfunctions.googleapis.com/v1/operations/Y29wcGVyLWV5ZS0yNjQzMDcvdXMtY2VudHJhbDEvaGVsbG9Xb3JsZC81OHhobC1DaTI3TQ  
 
[debug] [2020-04-25T21:40:37.164Z] <<< HTTP RESPONSE 200 {"content-type":"application/json; charset=UTF-8","vary":"X-Origin, Referer, Origin,Accept-Encoding","date":"Sat, 25 Apr 2020 21:40:37 GMT","server":"ESF","cache-control":"private","x-xss-protection":"0","x-frame-options":"SAMEORIGIN","x-content-type-options":"nosniff","alt-svc":"quic=\":443\"; ma=2592000; v=\"46,43\",h3-Q050=\":443\"; ma=2592000,h3-Q049=\":443\"; ma=2592000,h3-Q048=\":443\"; ma=2592000,h3-Q046=\":443\"; ma=2592000,h3-Q043=\":443\"; ma=2592000,h3-T050=\":443\"; ma=2592000","accept-ranges":"none","transfer-encoding":"chunked"}
[debug] [2020-04-25T21:40:39.171Z] >>> HTTP REQUEST GET https://cloudfunctions.googleapis.com/v1/operations/Y29wcGVyLWV5ZS0yNjQzMDcvdXMtY2VudHJhbDEvaGVsbG9Xb3JsZC81OHhobC1DaTI3TQ  
 
[debug] [2020-04-25T21:40:39.320Z] <<< HTTP RESPONSE 200 {"content-type":"application/json; charset=UTF-8","vary":"X-Origin, Referer, Origin,Accept-Encoding","date":"Sat, 25 Apr 2020 21:40:39 GMT","server":"ESF","cache-control":"private","x-xss-protection":"0","x-frame-options":"SAMEORIGIN","x-content-type-options":"nosniff","alt-svc":"quic=\":443\"; ma=2592000; v=\"46,43\",h3-Q050=\":443\"; ma=2592000,h3-Q049=\":443\"; ma=2592000,h3-Q048=\":443\"; ma=2592000,h3-Q046=\":443\"; ma=2592000,h3-Q043=\":443\"; ma=2592000,h3-T050=\":443\"; ma=2592000","accept-ranges":"none","transfer-encoding":"chunked"}
[debug] [2020-04-25T21:40:41.327Z] >>> HTTP REQUEST GET https://cloudfunctions.googleapis.com/v1/operations/Y29wcGVyLWV5ZS0yNjQzMDcvdXMtY2VudHJhbDEvaGVsbG9Xb3JsZC81OHhobC1DaTI3TQ  
 
[debug] [2020-04-25T21:40:41.468Z] <<< HTTP RESPONSE 200 {"content-type":"application/json; charset=UTF-8","vary":"X-Origin, Referer, Origin,Accept-Encoding","date":"Sat, 25 Apr 2020 21:40:41 GMT","server":"ESF","cache-control":"private","x-xss-protection":"0","x-frame-options":"SAMEORIGIN","x-content-type-options":"nosniff","alt-svc":"quic=\":443\"; ma=2592000; v=\"46,43\",h3-Q050=\":443\"; ma=2592000,h3-Q049=\":443\"; ma=2592000,h3-Q048=\":443\"; ma=2592000,h3-Q046=\":443\"; ma=2592000,h3-Q043=\":443\"; ma=2592000,h3-T050=\":443\"; ma=2592000","accept-ranges":"none","transfer-encoding":"chunked"}
[info] ✔  functions[helloWorld(us-central1)]: Successful create operation. 
[info] Function URL (helloWorld): https://us-central1-copper-eye-264307.cloudfunctions.net/helloWorld
[info] 
[info] ✔  Deploy complete!
[info] 
[info] Project Console: https://console.firebase.google.com/project/copper-eye-264307/overview
